<?xml version="1.0" encoding="UTF-8"?>
<testng-results ignored="0" total="1" passed="1" failed="0" skipped="0">
  <reporter-output>
  </reporter-output>
  <suite started-at="2025-03-08T12:47:50 BDT" name="Default suite" finished-at="2025-03-08T12:48:00 BDT" duration-ms="10314">
    <groups>
    </groups>
    <test started-at="2025-03-08T12:47:50 BDT" name="Default test" finished-at="2025-03-08T12:48:00 BDT" duration-ms="10314">
      <class name="testpackage.LoginTestClass">
        <test-method is-config="true" signature="setup()[pri:0, instance:testpackage.LoginTestClass@661972b0]" started-at="2025-03-08T12:47:50 BDT" name="setup" finished-at="2025-03-08T12:47:59 BDT" duration-ms="9798" status="PASS">
          <reporter-output>
          </reporter-output>
        </test-method> <!-- setup -->
        <test-method signature="testlogin()[pri:0, instance:testpackage.LoginTestClass@661972b0]" started-at="2025-03-08T12:47:59 BDT" name="testlogin" finished-at="2025-03-08T12:48:00 BDT" duration-ms="458" status="PASS">
          <reporter-output>
          </reporter-output>
        </test-method> <!-- testlogin -->
      </class> <!-- testpackage.LoginTestClass -->
    </test> <!-- Default test -->
  </suite> <!-- Default suite -->
</testng-results>
